C51 COMPILER V9.59.0.0   TIMER                                                             05/25/2019 17:22:02 PAGE 1   


C51 COMPILER V9.59.0.0, COMPILATION OF MODULE TIMER
OBJECT MODULE PLACED IN .\Objects\timer.obj
COMPILER INVOKED BY: D:\DevTools\keil5\C51\BIN\C51.EXE timer.c OPTIMIZE(8,SPEED) BROWSE DEBUG OBJECTEXTEND PRINT(.\Listi
                    -ngs\timer.lst) TABS(2) OBJECT(.\Objects\timer.obj)

line level    source

   1          #include <STC15F2K60S2.H>
   2          #include "timer.h"
   3          
   4          sbit FAN = P3^0;
   5          
   6          extern bit start;
   7          extern u8 time;
   8          void setFan(u8 level);
   9          
  10          u8 data pwmTable[] = {
  11            // 关           开
  12              0xFF, 0x10, 0xFE, 0x98,   //60%
  13              0xFF, 0x4C, 0xFE, 0x5C,   //70%
  14              0xFF, 0x88, 0xFE, 0x20,   //80%
  15          };
  16          
  17          u8 pwmMode = 0;
  18          bit flip200ms = 0;
  19          
  20          u8 tick5ms = 0;
  21          u8 tick1s = 0;
  22          u8 tick1m = 0;
  23          u8 tick30m = 0;
  24          bit pwmSta = 0;
  25          
  26          void Timer0Init(void)
  27          {
  28   1        AUXR |= 0x80;   //定时器时钟1T模式
  29   1        TMOD &= 0xF0;   //设置定时器模式
  30   1        TMOD |= 0x01;   //设置定时器模式
  31   1        TL0 = 0xFF;   //设置定时初值
  32   1        TH0 = 0xFF;   //设置定时初值
  33   1        TF0 = 0;    //清除TF0标志
  34   1        ET0 = 1;
  35   1      }
  36          
  37          
  38          void Timer2Init(void)   //5毫秒@6.000MHz
  39          {
  40   1        AUXR |= 0x04;   //定时器时钟1T模式
  41   1        T2L = 0xD0;   //设置定时初值
  42   1        T2H = 0x8A;   //设置定时初值
  43   1        IE2 |= 0x04;//开定2中断
  44   1        AUXR |= 0x10;   //定时器2开始计时
  45   1      }
  46          
  47          void Timer0_IRQHandler() interrupt 1
  48          {
  49   1        if (pwmSta)
  50   1        {
  51   2          pwmSta = 0;
  52   2          FAN = 1;
  53   2          TH0 = pwmTable[pwmMode * 4 + 2];
  54   2          TL0 = pwmTable[pwmMode * 4 + 3];
C51 COMPILER V9.59.0.0   TIMER                                                             05/25/2019 17:22:02 PAGE 2   

  55   2        }
  56   1        else
  57   1        {
  58   2          pwmSta = 1;
  59   2          FAN = 0;
  60   2          TH0 = pwmTable[pwmMode * 4];
  61   2          TL0 = pwmTable[pwmMode * 4 + 1];
  62   2        }
  63   1      }
  64          
  65          void Timer2_IRQHandler() interrupt 12
  66          {
  67   1        tick5ms++;
  68   1        if (tick5ms % 40 == 0)
  69   1          flip200ms = !flip200ms;
  70   1        if (tick5ms == 200)
  71   1        {
  72   2          tick5ms = 0;
  73   2          if (start)
  74   2          {
  75   3            tick1s++;
  76   3            if (tick1s == 60)
  77   3            {
  78   4              tick1s = 0;
  79   4              tick1m++;
  80   4              if (tick1m == 30)
  81   4              {
  82   5                tick1m = 0;
  83   5                tick30m++;
  84   5                if (tick30m >= time)
  85   5                {
  86   6                  tick30m = 0;
  87   6                  start = 0;
  88   6                  setFan(0);
  89   6                }
  90   5              }
  91   4            }
  92   3          }
  93   2          else
  94   2          {
  95   3            tick1s = tick1m = tick30m = 0;
  96   3          }
  97   2        }
  98   1      }


MODULE INFORMATION:   STATIC OVERLAYABLE
   CODE SIZE        =    240    ----
   CONSTANT SIZE    =   ----    ----
   XDATA SIZE       =   ----    ----
   PDATA SIZE       =   ----    ----
   DATA SIZE        =     17    ----
   IDATA SIZE       =   ----    ----
   BIT SIZE         =      2    ----
END OF MODULE INFORMATION.


C51 COMPILATION COMPLETE.  0 WARNING(S),  0 ERROR(S)
